c:\users\20613\desktop\易道云 c++ 全栈 工程\课程01 c语言 c++ 最有趣易学的语法基础\022 c语言 c++联合编程\22.05 项目\x64\debug\vc143.pdb
c:\users\20613\desktop\易道云 c++ 全栈 工程\课程01 c语言 c++ 最有趣易学的语法基础\022 c语言 c++联合编程\22.05 项目\x64\debug\vc143.idb
c:\users\20613\desktop\易道云 c++ 全栈 工程\课程01 c语言 c++ 最有趣易学的语法基础\022 c语言 c++联合编程\22.05 项目\x64\debug\源.obj
c:\users\20613\desktop\易道云 c++ 全栈 工程\课程01 c语言 c++ 最有趣易学的语法基础\022 c语言 c++联合编程\22.05 项目\x64\debug\emath.obj
c:\users\20613\desktop\易道云 c++ 全栈 工程\课程01 c语言 c++ 最有趣易学的语法基础\022 c语言 c++联合编程\22.05 项目\x64\debug\c.obj
c:\users\20613\desktop\易道云 c++ 全栈 工程\课程01 c语言 c++ 最有趣易学的语法基础\022 c语言 c++联合编程\22.05 项目\x64\debug\22.05 项目.pdb
c:\users\20613\desktop\易道云 c++ 全栈 工程\课程01 c语言 c++ 最有趣易学的语法基础\022 c语言 c++联合编程\22.05 项目\x64\debug\22.05 项目.tlog\cl.command.1.tlog
c:\users\20613\desktop\易道云 c++ 全栈 工程\课程01 c语言 c++ 最有趣易学的语法基础\022 c语言 c++联合编程\22.05 项目\x64\debug\22.05 项目.tlog\cl.read.1.tlog
c:\users\20613\desktop\易道云 c++ 全栈 工程\课程01 c语言 c++ 最有趣易学的语法基础\022 c语言 c++联合编程\22.05 项目\x64\debug\22.05 项目.tlog\cl.write.1.tlog
c:\users\20613\desktop\易道云 c++ 全栈 工程\课程01 c语言 c++ 最有趣易学的语法基础\022 c语言 c++联合编程\22.05 项目\x64\debug\22.05 项目.tlog\link-cvtres.read.1.tlog
c:\users\20613\desktop\易道云 c++ 全栈 工程\课程01 c语言 c++ 最有趣易学的语法基础\022 c语言 c++联合编程\22.05 项目\x64\debug\22.05 项目.tlog\link-cvtres.write.1.tlog
c:\users\20613\desktop\易道云 c++ 全栈 工程\课程01 c语言 c++ 最有趣易学的语法基础\022 c语言 c++联合编程\22.05 项目\x64\debug\22.05 项目.tlog\link-rc.read.1.tlog
c:\users\20613\desktop\易道云 c++ 全栈 工程\课程01 c语言 c++ 最有趣易学的语法基础\022 c语言 c++联合编程\22.05 项目\x64\debug\22.05 项目.tlog\link-rc.write.1.tlog
c:\users\20613\desktop\易道云 c++ 全栈 工程\课程01 c语言 c++ 最有趣易学的语法基础\022 c语言 c++联合编程\22.05 项目\x64\debug\22.05 项目.tlog\link.20932-cvtres.read.1.tlog
c:\users\20613\desktop\易道云 c++ 全栈 工程\课程01 c语言 c++ 最有趣易学的语法基础\022 c语言 c++联合编程\22.05 项目\x64\debug\22.05 项目.tlog\link.20932-cvtres.write.1.tlog
c:\users\20613\desktop\易道云 c++ 全栈 工程\课程01 c语言 c++ 最有趣易学的语法基础\022 c语言 c++联合编程\22.05 项目\x64\debug\22.05 项目.tlog\link.20932-rc.read.1.tlog
c:\users\20613\desktop\易道云 c++ 全栈 工程\课程01 c语言 c++ 最有趣易学的语法基础\022 c语言 c++联合编程\22.05 项目\x64\debug\22.05 项目.tlog\link.20932-rc.write.1.tlog
c:\users\20613\desktop\易道云 c++ 全栈 工程\课程01 c语言 c++ 最有趣易学的语法基础\022 c语言 c++联合编程\22.05 项目\x64\debug\22.05 项目.tlog\link.20932.read.1.tlog
c:\users\20613\desktop\易道云 c++ 全栈 工程\课程01 c语言 c++ 最有趣易学的语法基础\022 c语言 c++联合编程\22.05 项目\x64\debug\22.05 项目.tlog\link.20932.read.2.tlog
c:\users\20613\desktop\易道云 c++ 全栈 工程\课程01 c语言 c++ 最有趣易学的语法基础\022 c语言 c++联合编程\22.05 项目\x64\debug\22.05 项目.tlog\link.20932.write.1.tlog
c:\users\20613\desktop\易道云 c++ 全栈 工程\课程01 c语言 c++ 最有趣易学的语法基础\022 c语言 c++联合编程\22.05 项目\x64\debug\22.05 项目.tlog\link.command.1.tlog
c:\users\20613\desktop\易道云 c++ 全栈 工程\课程01 c语言 c++ 最有趣易学的语法基础\022 c语言 c++联合编程\22.05 项目\x64\debug\22.05 项目.tlog\link.read.1.tlog
c:\users\20613\desktop\易道云 c++ 全栈 工程\课程01 c语言 c++ 最有趣易学的语法基础\022 c语言 c++联合编程\22.05 项目\x64\debug\22.05 项目.tlog\link.read.2.tlog
c:\users\20613\desktop\易道云 c++ 全栈 工程\课程01 c语言 c++ 最有趣易学的语法基础\022 c语言 c++联合编程\22.05 项目\x64\debug\22.05 项目.tlog\link.write.1.tlog
